<?xml version="1.0" encoding="UTF-8"?>
<testsuite name="org.scoula.security.util.JwtProcessorTest" tests="1" skipped="0" failures="0" errors="0" timestamp="2025-06-24T04:49:44" hostname="eunwoo-MacBook-Air.local" time="0.09">
  <properties/>
  <testcase name="validateToken()" classname="org.scoula.security.util.JwtProcessorTest" time="0.09"/>
  <system-out><![CDATA[ INFO  org.springframework.test.context.support.DefaultTestContextBootstrapper(getDefaultTestExecutionListenerClassNames:245) - Loaded default TestExecutionListener class names from location [META-INF/spring.factories]: [org.springframework.test.context.web.ServletTestExecutionListener, org.springframework.test.context.support.DirtiesContextBeforeModesTestExecutionListener, org.springframework.test.context.event.ApplicationEventsTestExecutionListener, org.springframework.test.context.support.DependencyInjectionTestExecutionListener, org.springframework.test.context.support.DirtiesContextTestExecutionListener, org.springframework.test.context.transaction.TransactionalTestExecutionListener, org.springframework.test.context.jdbc.SqlScriptsTestExecutionListener, org.springframework.test.context.event.EventPublishingTestExecutionListener]
 INFO  org.springframework.test.context.support.DefaultTestContextBootstrapper(getTestExecutionListeners:174) - Using TestExecutionListeners: [org.springframework.test.context.web.ServletTestExecutionListener@39fc6b2c, org.springframework.test.context.support.DirtiesContextBeforeModesTestExecutionListener@704b2127, org.springframework.test.context.event.ApplicationEventsTestExecutionListener@3ee39da0, org.springframework.test.context.support.DependencyInjectionTestExecutionListener@5d332969, org.springframework.test.context.support.DirtiesContextTestExecutionListener@7cc9ce8, org.springframework.test.context.transaction.TransactionalTestExecutionListener@2e27d72f, org.springframework.test.context.jdbc.SqlScriptsTestExecutionListener@c0b41d6, org.springframework.test.context.event.EventPublishingTestExecutionListener@4837595f]
 INFO  com.zaxxer.hikari.HikariDataSource(<init>:71) - HikariPool-1 - Starting...
 INFO  com.zaxxer.hikari.pool.PoolBase(getAndSetNetworkTimeout:526) - HikariPool-1 - Driver does not support get/set network timeout for connections. (Receiver class net.sf.log4jdbc.sql.jdbcapi.ConnectionSpy does not define or inherit an implementation of the resolved method 'abstract int getNetworkTimeout()' of interface java.sql.Connection.)
 INFO  com.zaxxer.hikari.HikariDataSource(<init>:73) - HikariPool-1 - Start completed.
 INFO  org.scoula.security.config.SecurityConfig(configure:87) - configure .........................................
 WARN  org.springframework.security.config.annotation.web.builders.WebSecurity(performBuild:305) - You are asking Spring Security to ignore Ant [pattern='/assets/**']. This is not recommended -- please use permitAll via HttpSecurity#authorizeHttpRequests instead.
 INFO  org.springframework.security.web.DefaultSecurityFilterChain(<init>:52) - Will not secure Ant [pattern='/assets/**']
 WARN  org.springframework.security.config.annotation.web.builders.WebSecurity(performBuild:305) - You are asking Spring Security to ignore Ant [pattern='/*']. This is not recommended -- please use permitAll via HttpSecurity#authorizeHttpRequests instead.
 INFO  org.springframework.security.web.DefaultSecurityFilterChain(<init>:52) - Will not secure Ant [pattern='/*']
 WARN  org.springframework.security.config.annotation.web.builders.WebSecurity(performBuild:305) - You are asking Spring Security to ignore Ant [pattern='/api/member/**']. This is not recommended -- please use permitAll via HttpSecurity#authorizeHttpRequests instead.
 INFO  org.springframework.security.web.DefaultSecurityFilterChain(<init>:52) - Will not secure Ant [pattern='/api/member/**']
 INFO  org.springframework.security.web.DefaultSecurityFilterChain(<init>:55) - Will secure any request with [org.springframework.security.web.session.DisableEncodeUrlFilter@159424e2, org.springframework.security.web.context.request.async.WebAsyncManagerIntegrationFilter@29bcf51d, org.springframework.security.web.context.SecurityContextPersistenceFilter@79e7188e, org.springframework.security.web.header.HeaderWriterFilter@7364eed1, org.springframework.web.filter.CharacterEncodingFilter@1e54a6b1, org.springframework.security.web.authentication.logout.LogoutFilter@4fc165f6, org.springframework.security.web.savedrequest.RequestCacheAwareFilter@7fedb795, org.springframework.security.web.servletapi.SecurityContextHolderAwareRequestFilter@c1050f2, org.springframework.security.web.authentication.AnonymousAuthenticationFilter@f238e4f, org.springframework.security.web.session.SessionManagementFilter@6ecc02bb, org.springframework.security.web.access.ExceptionTranslationFilter@606a1bc4, org.springframework.security.web.access.intercept.FilterSecurityInterceptor@7f4596d0]
 INFO  org.scoula.security.util.JwtProcessorTest(validateToken:42) - true
]]></system-out>
  <system-err><![CDATA[]]></system-err>
</testsuite>
