<?xml version="1.0" encoding="UTF-8"?>
<testsuite name="org.scoula.security.account.mapper.UserDetailsMapperTest" tests="1" skipped="0" failures="0" errors="0" timestamp="2025-06-24T02:18:08" hostname="eunwoo-MacBook-Air.local" time="0.085">
  <properties/>
  <testcase name="get()" classname="org.scoula.security.account.mapper.UserDetailsMapperTest" time="0.085"/>
  <system-out><![CDATA[ INFO  org.springframework.test.context.support.DefaultTestContextBootstrapper(getDefaultTestExecutionListenerClassNames:245) - Loaded default TestExecutionListener class names from location [META-INF/spring.factories]: [org.springframework.test.context.web.ServletTestExecutionListener, org.springframework.test.context.support.DirtiesContextBeforeModesTestExecutionListener, org.springframework.test.context.event.ApplicationEventsTestExecutionListener, org.springframework.test.context.support.DependencyInjectionTestExecutionListener, org.springframework.test.context.support.DirtiesContextTestExecutionListener, org.springframework.test.context.transaction.TransactionalTestExecutionListener, org.springframework.test.context.jdbc.SqlScriptsTestExecutionListener, org.springframework.test.context.event.EventPublishingTestExecutionListener]
 INFO  org.springframework.test.context.support.DefaultTestContextBootstrapper(getTestExecutionListeners:174) - Using TestExecutionListeners: [org.springframework.test.context.web.ServletTestExecutionListener@35e52059, org.springframework.test.context.support.DirtiesContextBeforeModesTestExecutionListener@62577d6, org.springframework.test.context.event.ApplicationEventsTestExecutionListener@49bd54f7, org.springframework.test.context.support.DependencyInjectionTestExecutionListener@6b5f8707, org.springframework.test.context.support.DirtiesContextTestExecutionListener@772485dd, org.springframework.test.context.transaction.TransactionalTestExecutionListener@5a12c728, org.springframework.test.context.jdbc.SqlScriptsTestExecutionListener@79ab3a71, org.springframework.test.context.event.EventPublishingTestExecutionListener@6e5bfdfc]
 INFO  com.zaxxer.hikari.HikariDataSource(<init>:71) - HikariPool-1 - Starting...
 INFO  com.zaxxer.hikari.pool.PoolBase(getAndSetNetworkTimeout:526) - HikariPool-1 - Driver does not support get/set network timeout for connections. (Receiver class net.sf.log4jdbc.sql.jdbcapi.ConnectionSpy does not define or inherit an implementation of the resolved method 'abstract int getNetworkTimeout()' of interface java.sql.Connection.)
 INFO  com.zaxxer.hikari.HikariDataSource(<init>:73) - HikariPool-1 - Start completed.
 INFO  org.scoula.security.config.SecurityConfig(configure:76) - configure .........................................
 INFO  org.springframework.security.web.DefaultSecurityFilterChain(<init>:55) - Will secure any request with [org.springframework.security.web.session.DisableEncodeUrlFilter@7d8cf9ac, org.springframework.security.web.context.request.async.WebAsyncManagerIntegrationFilter@5f0bab7e, org.springframework.security.web.context.SecurityContextPersistenceFilter@5cff6b74, org.springframework.security.web.header.HeaderWriterFilter@691500ab, org.springframework.web.filter.CharacterEncodingFilter@3a7b2e2, org.springframework.security.web.csrf.CsrfFilter@1946384, org.springframework.security.web.authentication.logout.LogoutFilter@72543547, org.springframework.security.web.authentication.UsernamePasswordAuthenticationFilter@66f5a02e, org.springframework.security.web.savedrequest.RequestCacheAwareFilter@62b57479, org.springframework.security.web.servletapi.SecurityContextHolderAwareRequestFilter@6a32191e, org.springframework.security.web.authentication.AnonymousAuthenticationFilter@337a6d30, org.springframework.security.web.session.SessionManagementFilter@34414ffc, org.springframework.security.web.access.ExceptionTranslationFilter@4ac8768e, org.springframework.security.web.access.intercept.FilterSecurityInterceptor@6b357eb6]
 INFO  jdbc.sqlonly(sqlOccurred:228) - select m.username, password, email, reg_date, update_date, auth from tbl_member m left outer 
join tbl_member_auth a on m.username = a.username where m.username = 'admin' 

 INFO  org.scoula.security.account.mapper.UserDetailsMapperTest(get:29) - MemberVO(username=admin, password=$2a$10$EsIMfxbJ6NuvwX7MDj4WqOYFzLU9U/lddCyn0nic5dFo3VfJYrXYC, email=admin@galapgos.org, regDate=Mon Jun 23 13:16:48 KST 2025, updateDate=Mon Jun 23 13:16:48 KST 2025, authList=[AuthVO(username=admin, auth=ROLE_ADMIN), AuthVO(username=admin, auth=ROLE_MANAGER), AuthVO(username=admin, auth=ROLE_MEMBER)])
 INFO  org.scoula.security.account.mapper.UserDetailsMapperTest(get:32) - 3
=========================
 INFO  org.scoula.security.account.mapper.UserDetailsMapperTest(get:35) - AuthVO(username=admin, auth=ROLE_ADMIN)
 INFO  org.scoula.security.account.mapper.UserDetailsMapperTest(get:35) - AuthVO(username=admin, auth=ROLE_MANAGER)
 INFO  org.scoula.security.account.mapper.UserDetailsMapperTest(get:35) - AuthVO(username=admin, auth=ROLE_MEMBER)
]]></system-out>
  <system-err><![CDATA[]]></system-err>
</testsuite>
